<?xml version="1.0" encoding="UTF-8"?>
<!-- Generated by org.testng.reporters.JUnitXMLReporter -->
<testsuite ignored="0" hostname="VISHAL" failures="0" tests="6" name="Test" time="540.445" errors="0" timestamp="2023-06-04T17:46:08 IST">
  <testcase classname="SpiceJetTestCases.SearchForFlightTestCase" name="tc004SearchFlightOneway" time="55.433"/>
  <testcase classname="SpiceJetTestCases.SearchForFlightTestCase" name="tc005SearchFlightTwoway" time="35.669"/>
  <testcase classname="SpiceJetTestCases.ValidateBookingTestCase" name="validateFlightStatus" time="33.478"/>
  <testcase classname="SpiceJetTestCases.ValidateBookingTestCase" name="validateManageBooking" time="33.081"/>
  <testcase classname="SpiceJetTestCases.ValidateBookingTestCase" name="validatecheckinButton" time="18.011"/>
  <testcase classname="SpiceJetTestCases.SignupTestCase" name="tc001Signup" time="67.406"/>
</testsuite> <!-- Test -->
